#
# A fatal error has been detected by the Java Runtime Environment:
#
#  EXCEPTION_ACCESS_VIOLATION (0xc0000005) at pc=0x0000000004e3a23a, pid=10780, tid=0x0000000000002368
#
# JRE version: Java(TM) SE Runtime Environment (8.0_162-b12) (build 1.8.0_162-b12)
# Java VM: Java HotSpot(TM) 64-Bit Server VM (25.162-b12 mixed mode windows-amd64 compressed oops)
# Problematic frame:
# v  ~BufferBlob::jni_fast_GetFloatField
#
# Failed to write core dump. Minidumps are not enabled by default on client versions of Windows
#
# If you would like to submit a bug report, please visit:
#   http://bugreport.java.com/bugreport/crash.jsp
# The crash happened outside the Java Virtual Machine in native code.
# See problematic frame for where to report the bug.
#

---------------  T H R E A D  ---------------

Current thread (0x0000000021b5c000):  JavaThread "jME3 Main" [_thread_in_native, id=9064, stack(0x000000002ac40000,0x000000002ad40000)]

siginfo: ExceptionCode=0xc0000005, reading address 0x0000000000000000

Registers:
RAX=0x00000000623a4d50, RBX=0x0000000033773580, RCX=0x0000000021b5c1f8, RDX=0x0000000000000000
RSP=0x000000002ad3e838, RBP=0x000000002ad3e9a0, RSI=0x000000001e2e5420, RDI=0x0000000000000168
R8 =0x0000000000000032, R9 =0x0000000000000000, R10=0x000000000000006a, R11=0x000000002ad3e7e0
R12=0x0000000000000000, R13=0x0000000033773580, R14=0x000000002ad3e9d8, R15=0x0000000021b5c000
RIP=0x0000000004e3a23a, EFLAGS=0x0000000000010246

Top of Stack: (sp=0x000000002ad3e838)
0x000000002ad3e838:   00007ffc4e677160 00007ffc4e6adb4a
0x000000002ad3e848:   00000000000000b6 00000000209fdf30
0x000000002ad3e858:   000000000000003b 0000000021b55710
0x000000002ad3e868:   00007ffc4e675203 0000000021b5c1f8
0x000000002ad3e878:   0000000000000000 0000000000000032
0x000000002ad3e888:   00000000337a17a8 0000000000000000
0x000000002ad3e898:   0000000000000000 000000003378b1a8
0x000000002ad3e8a8:   00007ffc4e615f56 0000000021b5c1f8
0x000000002ad3e8b8:   0000000000000000 000000002ba9bae0
0x000000002ad3e8c8:   000000002ad3e9c0 0000000033787e78
0x000000002ad3e8d8:   00007ffc4e56c6f4 000000002ba9ba90
0x000000002ad3e8e8:   0000000021b5c1f8 0000000000000000
0x000000002ad3e8f8:   00000007c0223d70 000000002bddac50
0x000000002ad3e908:   0000000021b5c000 000000003378b1a8
0x000000002ad3e918:   0000000004de8c67 0000000021b5c1f8
0x000000002ad3e928:   000000002ad3e9d8 000000002bddac50 

Instructions: (pc=0x0000000004e3a23a)
0x0000000004e3a21a:   00 00 00 00 00 00 44 8b 15 b1 82 5d 5d 4c 8b ca
0x0000000004e3a22a:   41 f6 c2 01 0f 85 35 00 00 00 4d 33 ca 4d 33 ca
0x0000000004e3a23a:   4d 8b 09 4d 8b d8 49 c1 eb 02 c4 81 7a 10 04 19
0x0000000004e3a24a:   49 bb d8 24 41 62 00 00 00 00 c4 e1 f9 7e c0 4c 


Register to memory mapping:

RAX=0x00000000623a4d50 is an unknown value
RBX={method} {0x0000000033773588} 'setPhysicsLocation' '(JLcom/jme3/math/Vector3f;)V' in 'com/jme3/bullet/objects/PhysicsRigidBody'
RCX=0x0000000021b5c1f8 is an unknown value
RDX=0x0000000000000000 is an unknown value
RSP=0x000000002ad3e838 is pointing into the stack for thread: 0x0000000021b5c000
RBP=0x000000002ad3e9a0 is pointing into the stack for thread: 0x0000000021b5c000
RSI={method} {0x000000001e2e5428} 'update' '(F)V' in 'com/jme3/app/state/AbstractAppState'
RDI=0x0000000000000168 is an unknown value
R8 =0x0000000000000032 is an unknown value
R9 =0x0000000000000000 is an unknown value
R10=0x000000000000006a is an unknown value
R11=0x000000002ad3e7e0 is pointing into the stack for thread: 0x0000000021b5c000
R12=0x0000000000000000 is an unknown value
R13={method} {0x0000000033773588} 'setPhysicsLocation' '(JLcom/jme3/math/Vector3f;)V' in 'com/jme3/bullet/objects/PhysicsRigidBody'
R14=0x000000002ad3e9d8 is pointing into the stack for thread: 0x0000000021b5c000
R15=0x0000000021b5c000 is a thread


Stack: [0x000000002ac40000,0x000000002ad40000],  sp=0x000000002ad3e838,  free space=1018k
Native frames: (J=compiled Java code, j=interpreted, Vv=VM code, C=native code)
C  0x0000000004e3a23a

Java frames: (J=compiled Java code, j=interpreted, Vv=VM code)
j  com.jme3.bullet.objects.PhysicsRigidBody.setPhysicsLocation(JLcom/jme3/math/Vector3f;)V+0
j  com.jme3.bullet.objects.PhysicsRigidBody.setPhysicsLocation(Lcom/jme3/math/Vector3f;)V+6
j  com.jme3.bullet.control.BetterCharacterControl.setPhysicsLocation(Lcom/jme3/math/Vector3f;)V+5
j  com.jme3.bullet.control.BetterCharacterControl.warp(Lcom/jme3/math/Vector3f;)V+2
j  mygame.Platformer.respawn()V+8
j  mygame.Platformer.update(F)V+43
j  mygame.PlatformerAppState.update(F)V+122
j  com.jme3.app.state.AppStateManager.update(F)V+48
j  com.jme3.app.SimpleApplication.update()V+77
j  com.jme3.system.lwjgl.LwjglAbstractDisplay.runLoop()V+22
j  com.jme3.system.lwjgl.LwjglDisplay.runLoop()V+104
j  com.jme3.system.lwjgl.LwjglAbstractDisplay.run()V+136
j  java.lang.Thread.run()V+11
v  ~StubRoutines::call_stub

---------------  P R O C E S S  ---------------

Java Threads: ( => current thread )
  0x0000000038493800 JavaThread "LWJGL Timer" daemon [_thread_blocked, id=8916, stack(0x000000003ac90000,0x000000003ad90000)]
  0x000000003617e000 JavaThread "jME3 Terrain Thread [0]" daemon [_thread_blocked, id=3456, stack(0x000000003ab90000,0x000000003ac90000)]
  0x0000000032724800 JavaThread "jME3 Audio Decoder" daemon [_thread_blocked, id=18288, stack(0x0000000033db0000,0x0000000033eb0000)]
  0x0000000002e3d800 JavaThread "DestroyJavaVM" [_thread_blocked, id=5608, stack(0x0000000004ba0000,0x0000000004ca0000)]
=>0x0000000021b5c000 JavaThread "jME3 Main" [_thread_in_native, id=9064, stack(0x000000002ac40000,0x000000002ad40000)]
  0x0000000021b07000 JavaThread "TimerQueue" daemon [_thread_blocked, id=17792, stack(0x000000002a0b0000,0x000000002a1b0000)]
  0x0000000021b06000 JavaThread "D3D Screen Updater" daemon [_thread_blocked, id=11592, stack(0x0000000029bb0000,0x0000000029cb0000)]
  0x000000002180f000 JavaThread "AWT-Windows" daemon [_thread_in_native, id=7096, stack(0x0000000022100000,0x0000000022200000)]
  0x0000000021809800 JavaThread "Java2D Disposer" daemon [_thread_blocked, id=5612, stack(0x0000000021f00000,0x0000000022000000)]
  0x0000000020850000 JavaThread "Service Thread" daemon [_thread_blocked, id=4672, stack(0x00000000213a0000,0x00000000214a0000)]
  0x00000000207b4800 JavaThread "C1 CompilerThread3" daemon [_thread_blocked, id=1980, stack(0x00000000212a0000,0x00000000213a0000)]
  0x00000000207ae000 JavaThread "C2 CompilerThread2" daemon [_thread_blocked, id=16480, stack(0x00000000211a0000,0x00000000212a0000)]
  0x00000000207ad800 JavaThread "C2 CompilerThread1" daemon [_thread_blocked, id=10708, stack(0x00000000210a0000,0x00000000211a0000)]
  0x00000000207a7800 JavaThread "C2 CompilerThread0" daemon [_thread_blocked, id=1136, stack(0x0000000020fa0000,0x00000000210a0000)]
  0x00000000207a6000 JavaThread "Attach Listener" daemon [_thread_blocked, id=14220, stack(0x0000000020ea0000,0x0000000020fa0000)]
  0x00000000207af800 JavaThread "Signal Dispatcher" daemon [_thread_blocked, id=10964, stack(0x0000000020da0000,0x0000000020ea0000)]
  0x0000000004dbe000 JavaThread "Finalizer" daemon [_thread_blocked, id=10636, stack(0x0000000020b80000,0x0000000020c80000)]
  0x0000000004db5000 JavaThread "Reference Handler" daemon [_thread_blocked, id=13924, stack(0x0000000020680000,0x0000000020780000)]

Other Threads:
  0x000000001e899000 VMThread [stack: 0x0000000020580000,0x0000000020680000] [id=13736]
  0x0000000020861800 WatcherThread [stack: 0x0000000021600000,0x0000000021700000] [id=2612]

VM state:not at safepoint (normal execution)

VM Mutex/Monitor currently owned by a thread: None

Heap:
 PSYoungGen      total 76288K, used 53673K [0x000000076b000000, 0x0000000774500000, 0x00000007c0000000)
  eden space 65536K, 67% used [0x000000076b000000,0x000000076db34190,0x000000076f000000)
  from space 10752K, 87% used [0x000000076f000000,0x000000076f9364a8,0x000000076fa80000)
  to   space 10752K, 0% used [0x0000000773a80000,0x0000000773a80000,0x0000000774500000)
 ParOldGen       total 175104K, used 36103K [0x00000006c1000000, 0x00000006cbb00000, 0x000000076b000000)
  object space 175104K, 20% used [0x00000006c1000000,0x00000006c3341d60,0x00000006cbb00000)
 Metaspace       used 19338K, capacity 19647K, committed 20096K, reserved 1067008K
  class space    used 2244K, capacity 2333K, committed 2432K, reserved 1048576K

Card table byte_map: [0x0000000014190000,0x0000000014990000] byte_map_base: 0x0000000010b88000

Marking Bits: (ParMarkBitMap*) 0x0000000062420860
 Begin Bits: [0x00000000156e0000, 0x00000000196a0000)
 End Bits:   [0x00000000196a0000, 0x000000001d660000)

Polling page: 0x0000000004ca0000

CodeCache: size=245760Kb used=7740Kb max_used=7759Kb free=238019Kb
 bounds [0x0000000004dd0000, 0x0000000005570000, 0x0000000013dd0000]
 total_blobs=3098 nmethods=2418 adapters=592
 compilation: enabled

Compilation events (10 events):
Event: 7.009 Thread 0x00000000207b4800 nmethod 2414 0x0000000005558490 code [0x0000000005558660, 0x0000000005559030]
Event: 7.009 Thread 0x00000000207b4800 2415       3       com.jme3.app.state.AbstractAppState::render (1 bytes)
Event: 7.009 Thread 0x00000000207b4800 nmethod 2415 0x0000000005545150 code [0x00000000055452a0, 0x00000000055453f0]
Event: 7.009 Thread 0x00000000207b4800 2416       3       com.jme3.app.state.AbstractAppState::postRender (1 bytes)
Event: 7.009 Thread 0x00000000207b4800 nmethod 2416 0x0000000005554390 code [0x00000000055544e0, 0x0000000005554630]
Event: 7.018 Thread 0x00000000207b4800 2417       3       java.lang.ThreadLocal::set (30 bytes)
Event: 7.019 Thread 0x00000000207b4800 nmethod 2417 0x000000000554c890 code [0x000000000554ca20, 0x000000000554cef8]
Event: 7.038 Thread 0x00000000207ae000 nmethod 2406 0x000000000555dd50 code [0x000000000555e280, 0x0000000005562320]
Event: 7.059 Thread 0x00000000207b4800 2419       1       com.jme3.input.InputManager$Mapping::access$000 (5 bytes)
Event: 7.059 Thread 0x00000000207b4800 nmethod 2419 0x00000000055540d0 code [0x0000000005554220, 0x0000000005554310]

GC Heap History (6 events):
Event: 4.894 GC heap before
{Heap before GC invocations=1 (full 0):
 PSYoungGen      total 76288K, used 65536K [0x000000076b000000, 0x0000000770500000, 0x00000007c0000000)
  eden space 65536K, 100% used [0x000000076b000000,0x000000076f000000,0x000000076f000000)
  from space 10752K, 0% used [0x000000076fa80000,0x000000076fa80000,0x0000000770500000)
  to   space 10752K, 0% used [0x000000076f000000,0x000000076f000000,0x000000076fa80000)
 ParOldGen       total 175104K, used 0K [0x00000006c1000000, 0x00000006cbb00000, 0x000000076b000000)
  object space 175104K, 0% used [0x00000006c1000000,0x00000006c1000000,0x00000006cbb00000)
 Metaspace       used 18430K, capacity 18687K, committed 18944K, reserved 1067008K
  class space    used 2186K, capacity 2269K, committed 2304K, reserved 1048576K
Event: 4.902 GC heap after
Heap after GC invocations=1 (full 0):
 PSYoungGen      total 76288K, used 10746K [0x000000076b000000, 0x0000000770500000, 0x00000007c0000000)
  eden space 65536K, 0% used [0x000000076b000000,0x000000076b000000,0x000000076f000000)
  from space 10752K, 99% used [0x000000076f000000,0x000000076fa7ea98,0x000000076fa80000)
  to   space 10752K, 0% used [0x000000076fa80000,0x000000076fa80000,0x0000000770500000)
 ParOldGen       total 175104K, used 6249K [0x00000006c1000000, 0x00000006cbb00000, 0x000000076b000000)
  object space 175104K, 3% used [0x00000006c1000000,0x00000006c161a6b8,0x00000006cbb00000)
 Metaspace       used 18430K, capacity 18687K, committed 18944K, reserved 1067008K
  class space    used 2186K, capacity 2269K, committed 2304K, reserved 1048576K
}
Event: 5.237 GC heap before
{Heap before GC invocations=2 (full 0):
 PSYoungGen      total 76288K, used 76282K [0x000000076b000000, 0x0000000770500000, 0x00000007c0000000)
  eden space 65536K, 100% used [0x000000076b000000,0x000000076f000000,0x000000076f000000)
  from space 10752K, 99% used [0x000000076f000000,0x000000076fa7ea98,0x000000076fa80000)
  to   space 10752K, 0% used [0x000000076fa80000,0x000000076fa80000,0x0000000770500000)
 ParOldGen       total 175104K, used 6249K [0x00000006c1000000, 0x00000006cbb00000, 0x000000076b000000)
  object space 175104K, 3% used [0x00000006c1000000,0x00000006c161a6b8,0x00000006cbb00000)
 Metaspace       used 18534K, capacity 18815K, committed 19200K, reserved 1067008K
  class space    used 2187K, capacity 2269K, committed 2304K, reserved 1048576K
Event: 5.244 GC heap after
Heap after GC invocations=2 (full 0):
 PSYoungGen      total 76288K, used 10737K [0x000000076b000000, 0x0000000770500000, 0x00000007c0000000)
  eden space 65536K, 0% used [0x000000076b000000,0x000000076b000000,0x000000076f000000)
  from space 10752K, 99% used [0x000000076fa80000,0x00000007704fc4c0,0x0000000770500000)
  to   space 10752K, 0% used [0x000000076f000000,0x000000076f000000,0x000000076fa80000)
 ParOldGen       total 175104K, used 11803K [0x00000006c1000000, 0x00000006cbb00000, 0x000000076b000000)
  object space 175104K, 6% used [0x00000006c1000000,0x00000006c1b86d30,0x00000006cbb00000)
 Metaspace       used 18534K, capacity 18815K, committed 19200K, reserved 1067008K
  class space    used 2187K, capacity 2269K, committed 2304K, reserved 1048576K
}
Event: 5.441 GC heap before
{Heap before GC invocations=3 (full 0):
 PSYoungGen      total 76288K, used 76273K [0x000000076b000000, 0x0000000770500000, 0x00000007c0000000)
  eden space 65536K, 100% used [0x000000076b000000,0x000000076f000000,0x000000076f000000)
  from space 10752K, 99% used [0x000000076fa80000,0x00000007704fc4c0,0x0000000770500000)
  to   space 10752K, 0% used [0x000000076f000000,0x000000076f000000,0x000000076fa80000)
 ParOldGen       total 175104K, used 11803K [0x00000006c1000000, 0x00000006cbb00000, 0x000000076b000000)
  object space 175104K, 6% used [0x00000006c1000000,0x00000006c1b86d30,0x00000006cbb00000)
 Metaspace       used 18651K, capacity 18879K, committed 19200K, reserved 1067008K
  class space    used 2202K, capacity 2269K, committed 2304K, reserved 1048576K
Event: 5.450 GC heap after
Heap after GC invocations=3 (full 0):
 PSYoungGen      total 76288K, used 9433K [0x000000076b000000, 0x0000000774500000, 0x00000007c0000000)
  eden space 65536K, 0% used [0x000000076b000000,0x000000076b000000,0x000000076f000000)
  from space 10752K, 87% used [0x000000076f000000,0x000000076f9364a8,0x000000076fa80000)
  to   space 10752K, 0% used [0x0000000773a80000,0x0000000773a80000,0x0000000774500000)
 ParOldGen       total 175104K, used 36103K [0x00000006c1000000, 0x00000006cbb00000, 0x000000076b000000)
  object space 175104K, 20% used [0x00000006c1000000,0x00000006c3341d60,0x00000006cbb00000)
 Metaspace       used 18651K, capacity 18879K, committed 19200K, reserved 1067008K
  class space    used 2202K, capacity 2269K, committed 2304K, reserved 1048576K
}

Deoptimization events (10 events):
Event: 5.505 Thread 0x0000000021b5c000 Uncommon trap: reason=unstable_if action=reinterpret pc=0x000000000530fe68 method=com.jme3.terrain.geomipmap.LODGeomap.writeTangentArray(Ljava/nio/FloatBuffer;Ljava/nio/FloatBuffer;Ljava/nio/FloatBuffer;Ljava/nio/FloatBuffer;Lcom/jme3/math/Vector3f;)[Ljav
Event: 5.594 Thread 0x000000003617e000 Uncommon trap: reason=unstable_if action=reinterpret pc=0x000000000532b9c0 method=com.jme3.terrain.geomipmap.LODGeomap.writeIndexArrayLodDiff(IZZZZI)Lcom/jme3/scene/mesh/IndexBuffer; @ 846
Event: 5.599 Thread 0x0000000021b5c000 Uncommon trap: reason=unstable_if action=reinterpret pc=0x00000000053bc350 method=com.jme3.math.FastMath.abs(F)F @ 3
Event: 6.245 Thread 0x0000000021b5c000 Uncommon trap: reason=speculate_class_check action=maybe_recompile pc=0x00000000053d2014 method=java.util.ArrayList.<init>(Ljava/util/Collection;)V @ 36
Event: 6.246 Thread 0x0000000021b5c000 Uncommon trap: reason=speculate_class_check action=maybe_recompile pc=0x00000000053d2014 method=java.util.ArrayList.<init>(Ljava/util/Collection;)V @ 36
Event: 6.248 Thread 0x0000000021b5c000 Uncommon trap: reason=speculate_class_check action=maybe_recompile pc=0x00000000053d2014 method=java.util.ArrayList.<init>(Ljava/util/Collection;)V @ 36
Event: 6.253 Thread 0x0000000021b5c000 Uncommon trap: reason=unstable_if action=reinterpret pc=0x00000000054cb760 method=com.jme3.renderer.opengl.GLRenderer.setTexture(ILcom/jme3/texture/Texture;)V @ 9
Event: 6.265 Thread 0x0000000021b5c000 Uncommon trap: reason=unstable_if action=reinterpret pc=0x00000000054c7f1c method=com.jme3.renderer.opengl.GLRenderer.setupTextureParams(ILcom/jme3/texture/Texture;)V @ 90
Event: 6.265 Thread 0x0000000021b5c000 Uncommon trap: reason=unstable_if action=reinterpret pc=0x00000000054c4958 method=com.jme3.renderer.opengl.GLRenderer.setVertexAttrib(Lcom/jme3/scene/VertexBuffer;Lcom/jme3/scene/VertexBuffer;)V @ 212
Event: 6.447 Thread 0x0000000021b5c000 Uncommon trap: reason=speculate_class_check action=maybe_recompile pc=0x00000000053d2014 method=java.util.ArrayList.<init>(Ljava/util/Collection;)V @ 36

Classes redefined (0 events):
No events

Internal exceptions (10 events):
Event: 0.238 Thread 0x0000000021833800 Exception <a 'java/io/FileNotFoundException'> (0x000000076b7dd038) thrown at [C:\re\workspace\8-2-build-windows-amd64-cygwin\jdk8u162\10278\hotspot\src\share\vm\prims\jni.cpp, line 709]
Event: 0.346 Thread 0x0000000021833800 Exception <a 'java/lang/NoClassDefFoundError'> (0x000000076b87e438) thrown at [C:\re\workspace\8-2-build-windows-amd64-cygwin\jdk8u162\10278\hotspot\src\share\vm\prims\jvm.cpp, line 1394]
Event: 4.519 Thread 0x0000000021b5c000 Exception <a 'java/security/PrivilegedActionException'> (0x000000076cbd4550) thrown at [C:\re\workspace\8-2-build-windows-amd64-cygwin\jdk8u162\10278\hotspot\src\share\vm\prims\jvm.cpp, line 1390]
Event: 4.519 Thread 0x0000000021b5c000 Exception <a 'java/security/PrivilegedActionException'> (0x000000076cbd60c0) thrown at [C:\re\workspace\8-2-build-windows-amd64-cygwin\jdk8u162\10278\hotspot\src\share\vm\prims\jvm.cpp, line 1390]
Event: 4.519 Thread 0x0000000021b5c000 Exception <a 'java/security/PrivilegedActionException'> (0x000000076cbd71e0) thrown at [C:\re\workspace\8-2-build-windows-amd64-cygwin\jdk8u162\10278\hotspot\src\share\vm\prims\jvm.cpp, line 1390]
Event: 4.519 Thread 0x0000000021b5c000 Exception <a 'java/security/PrivilegedActionException'> (0x000000076cbdc300) thrown at [C:\re\workspace\8-2-build-windows-amd64-cygwin\jdk8u162\10278\hotspot\src\share\vm\prims\jvm.cpp, line 1390]
Event: 4.519 Thread 0x0000000021b5c000 Exception <a 'java/security/PrivilegedActionException'> (0x000000076cbdcf58) thrown at [C:\re\workspace\8-2-build-windows-amd64-cygwin\jdk8u162\10278\hotspot\src\share\vm\prims\jvm.cpp, line 1390]
Event: 4.519 Thread 0x0000000021b5c000 Exception <a 'java/security/PrivilegedActionException'> (0x000000076cbddb80) thrown at [C:\re\workspace\8-2-build-windows-amd64-cygwin\jdk8u162\10278\hotspot\src\share\vm\prims\jvm.cpp, line 1390]
Event: 5.505 Thread 0x0000000021b5c000 Implicit null exception at 0x000000000530f3c1 to 0x000000000530fe51
Event: 7.059 Thread 0x0000000021b5c000 Exception <a 'java/lang/NullPointerException': > (0x000000076d934f80) thrown at [C:\re\workspace\8-2-build-windows-amd64-cygwin\jdk8u162\10278\hotspot\src\share\vm\prims\jni.cpp, line 735]

Events (10 events):
Event: 6.265 Thread 0x0000000021b5c000 DEOPT PACKING pc=0x00000000054c7f1c sp=0x000000002ad3e640
Event: 6.265 Thread 0x0000000021b5c000 DEOPT UNPACKING pc=0x0000000004e1583b sp=0x000000002ad3e5d8 mode 2
Event: 6.265 Thread 0x0000000021b5c000 Uncommon trap: trap_request=0xffffff65 fr.pc=0x00000000054c4958
Event: 6.265 Thread 0x0000000021b5c000 DEOPT PACKING pc=0x00000000054c4958 sp=0x000000002ad3e5b0
Event: 6.265 Thread 0x0000000021b5c000 DEOPT UNPACKING pc=0x0000000004e1583b sp=0x000000002ad3e548 mode 2
Event: 6.447 Thread 0x0000000021b5c000 Uncommon trap: trap_request=0xffffff76 fr.pc=0x00000000053d2014
Event: 6.447 Thread 0x0000000021b5c000 DEOPT PACKING pc=0x00000000053d2014 sp=0x000000002ad3e7a0
Event: 6.447 Thread 0x0000000021b5c000 DEOPT UNPACKING pc=0x0000000004e1583b sp=0x000000002ad3e730 mode 2
Event: 6.447 Thread 0x0000000021b5c000 DEOPT PACKING pc=0x00000000054e96e3 sp=0x000000002ad3e9c0
Event: 6.447 Thread 0x0000000021b5c000 DEOPT UNPACKING pc=0x0000000004e17890 sp=0x000000002ad3e6d0 mode 0


Dynamic libraries:
0x00007ff75fd10000 - 0x00007ff75fd47000 	C:\ProgramData\Oracle\Java\javapath\java.exe
0x00007ffc7e6f0000 - 0x00007ffc7e8d0000 	C:\Windows\SYSTEM32\ntdll.dll
0x00007ffc7d3f0000 - 0x00007ffc7d49e000 	C:\Windows\System32\KERNEL32.DLL
0x00007ffc7b950000 - 0x00007ffc7bbb6000 	C:\Windows\System32\KERNELBASE.dll
0x00007ffc7e100000 - 0x00007ffc7e1a1000 	C:\Windows\System32\ADVAPI32.dll
0x00007ffc7d350000 - 0x00007ffc7d3ed000 	C:\Windows\System32\msvcrt.dll
0x00007ffc7d180000 - 0x00007ffc7d1db000 	C:\Windows\System32\sechost.dll
0x00007ffc7e1b0000 - 0x00007ffc7e2cf000 	C:\Windows\System32\RPCRT4.dll
0x00007ffc7e2d0000 - 0x00007ffc7e45f000 	C:\Windows\System32\USER32.dll
0x00007ffc7ad40000 - 0x00007ffc7ad60000 	C:\Windows\System32\win32u.dll
0x00007ffc7e460000 - 0x00007ffc7e488000 	C:\Windows\System32\GDI32.dll
0x00007ffc7b760000 - 0x00007ffc7b8f3000 	C:\Windows\System32\gdi32full.dll
0x00007ffc7aba0000 - 0x00007ffc7ac3b000 	C:\Windows\System32\msvcp_win.dll
0x00007ffc7ac40000 - 0x00007ffc7ad36000 	C:\Windows\System32\ucrtbase.dll
0x00007ffc63e30000 - 0x00007ffc64099000 	C:\Windows\WinSxS\amd64_microsoft.windows.common-controls_6595b64144ccf1df_6.0.16299.371_none_15c7d1789365a290\COMCTL32.dll
0x00007ffc7d4a0000 - 0x00007ffc7d7a8000 	C:\Windows\System32\combase.dll
0x00007ffc7ad60000 - 0x00007ffc7add2000 	C:\Windows\System32\bcryptPrimitives.dll
0x00007ffc7d9a0000 - 0x00007ffc7d9cd000 	C:\Windows\System32\IMM32.DLL
0x00000000624a0000 - 0x0000000062571000 	C:\Program Files\Java\jre1.8.0_162\bin\msvcr100.dll
0x0000000061c00000 - 0x00000000624a0000 	C:\Program Files\Java\jre1.8.0_162\bin\server\jvm.dll
0x00007ffc7dfa0000 - 0x00007ffc7dfa8000 	C:\Windows\System32\PSAPI.DLL
0x00007ffc796e0000 - 0x00007ffc796e9000 	C:\Windows\SYSTEM32\WSOCK32.dll
0x00007ffc715b0000 - 0x00007ffc715d3000 	C:\Windows\SYSTEM32\WINMM.dll
0x00007ffc75570000 - 0x00007ffc7557a000 	C:\Windows\SYSTEM32\VERSION.dll
0x00007ffc7da30000 - 0x00007ffc7da9c000 	C:\Windows\System32\WS2_32.dll
0x00007ffc713f0000 - 0x00007ffc7141a000 	C:\Windows\SYSTEM32\WINMMBASE.dll
0x00007ffc7b900000 - 0x00007ffc7b94a000 	C:\Windows\System32\cfgmgr32.dll
0x0000000061bf0000 - 0x0000000061bff000 	C:\Program Files\Java\jre1.8.0_162\bin\verify.dll
0x0000000061bc0000 - 0x0000000061be9000 	C:\Program Files\Java\jre1.8.0_162\bin\java.dll
0x0000000061ba0000 - 0x0000000061bb6000 	C:\Program Files\Java\jre1.8.0_162\bin\zip.dll
0x00007ffc7bd30000 - 0x00007ffc7d166000 	C:\Windows\System32\SHELL32.dll
0x00007ffc7daa0000 - 0x00007ffc7db46000 	C:\Windows\System32\shcore.dll
0x00007ffc7ade0000 - 0x00007ffc7b527000 	C:\Windows\System32\windows.storage.dll
0x00007ffc7d7b0000 - 0x00007ffc7d801000 	C:\Windows\System32\shlwapi.dll
0x00007ffc7aad0000 - 0x00007ffc7aae1000 	C:\Windows\System32\kernel.appcore.dll
0x00007ffc7aa60000 - 0x00007ffc7aaac000 	C:\Windows\System32\powrprof.dll
0x00007ffc7aa40000 - 0x00007ffc7aa5b000 	C:\Windows\System32\profapi.dll
0x0000000061a00000 - 0x0000000061b98000 	C:\Program Files\Java\jre1.8.0_162\bin\awt.dll
0x00007ffc7bc60000 - 0x00007ffc7bd25000 	C:\Windows\System32\OLEAUT32.dll
0x00007ffc78330000 - 0x00007ffc783b8000 	C:\Windows\SYSTEM32\apphelp.dll
0x00007ffc78460000 - 0x00007ffc784f5000 	C:\Windows\system32\uxtheme.dll
0x00007ffc7d1e0000 - 0x00007ffc7d347000 	C:\Windows\System32\MSCTF.dll
0x00007ffc78f20000 - 0x00007ffc78f4a000 	C:\Windows\system32\dwmapi.dll
0x00007ffc7dfb0000 - 0x00007ffc7e0f9000 	C:\Windows\System32\ole32.dll
0x00007ffc681b0000 - 0x00007ffc682ce000 	C:\Windows\system32\opengl32.dll
0x00007ffc746a0000 - 0x00007ffc746cc000 	C:\Windows\SYSTEM32\GLU32.dll
0x00007ffc75900000 - 0x00007ffc75a95000 	C:\Windows\system32\d3d9.dll
0x00007ffc76820000 - 0x00007ffc7690b000 	C:\Windows\System32\DriverStore\FileRepository\nvami.inf_amd64_1474122a0ce2f241\nvldumdx.dll
0x00007ffc7b590000 - 0x00007ffc7b75e000 	C:\Windows\System32\crypt32.dll
0x00007ffc7aab0000 - 0x00007ffc7aac2000 	C:\Windows\System32\MSASN1.dll
0x00007ffc7b530000 - 0x00007ffc7b588000 	C:\Windows\System32\WINTRUST.DLL
0x00007ffc7e500000 - 0x00007ffc7e51d000 	C:\Windows\System32\imagehlp.dll
0x00007ffc7a490000 - 0x00007ffc7a4a7000 	C:\Windows\SYSTEM32\CRYPTSP.dll
0x00007ffc79ed0000 - 0x00007ffc79f03000 	C:\Windows\system32\rsaenh.dll
0x00007ffc7a5a0000 - 0x00007ffc7a5c5000 	C:\Windows\SYSTEM32\bcrypt.dll
0x00007ffc7a4b0000 - 0x00007ffc7a4bb000 	C:\Windows\SYSTEM32\CRYPTBASE.dll
0x00007ffc52470000 - 0x00007ffc5367d000 	C:\Windows\System32\DriverStore\FileRepository\nvami.inf_amd64_1474122a0ce2f241\nvd3dumx.dll
0x00007ffc69240000 - 0x00007ffc6932c000 	C:\Program Files (x86)\NVIDIA Corporation\3D Vision\nvSCPAPI64.dll
0x00007ffc7db50000 - 0x00007ffc7df9e000 	C:\Windows\System32\SETUPAPI.dll
0x00007ffc58670000 - 0x00007ffc588d6000 	C:\Windows\system32\nvspcap64.dll
0x00007ffc79c80000 - 0x00007ffc79cb1000 	C:\Windows\SYSTEM32\ntmarta.dll
0x00000000619b0000 - 0x00000000619f7000 	C:\Program Files\Java\jre1.8.0_162\bin\fontmanager.dll
0x0000000061990000 - 0x00000000619aa000 	C:\Program Files\Java\jre1.8.0_162\bin\net.dll
0x00007ffc7a2d0000 - 0x00007ffc7a336000 	C:\Windows\system32\mswsock.dll
0x0000000061970000 - 0x0000000061981000 	C:\Program Files\Java\jre1.8.0_162\bin\nio.dll
0x0000000061920000 - 0x0000000061962000 	C:\Program Files\Java\jre1.8.0_162\bin\t2k.dll
0x00007ffc746d0000 - 0x00007ffc74768000 	C:\Windows\System32\TextInputFramework.dll
0x00007ffc69b10000 - 0x00007ffc69dfe000 	C:\Windows\System32\CoreUIComponents.dll
0x00007ffc77d00000 - 0x00007ffc77ddc000 	C:\Windows\System32\CoreMessaging.dll
0x00007ffc76ca0000 - 0x00007ffc76dd6000 	C:\Windows\SYSTEM32\wintypes.dll
0x00007ffc4e4e0000 - 0x00007ffc4e6f8000 	C:\Users\jeffr\Documents\Programming\JMonkey DEV\LD41\dist\bulletjme.dll
0x0000000180000000 - 0x0000000180064000 	C:\Users\jeffr\Documents\Programming\JMonkey DEV\LD41\dist\OpenAL64.dll
0x000000002ad90000 - 0x000000002ade3000 	C:\Users\jeffr\Documents\Programming\JMonkey DEV\LD41\dist\lwjgl64.dll
0x0000000062a40000 - 0x0000000064c7d000 	C:\Windows\System32\DriverStore\FileRepository\nvami.inf_amd64_1474122a0ce2f241\nvoglv64.dll
0x00007ffc796c0000 - 0x00007ffc796d3000 	C:\Windows\SYSTEM32\WTSAPI32.dll
0x00007ffc7a850000 - 0x00007ffc7a877000 	C:\Windows\SYSTEM32\DEVOBJ.dll
0x00007ffc75320000 - 0x00007ffc753b7000 	C:\Windows\SYSTEM32\mscms.dll
0x00007ffc7a940000 - 0x00007ffc7a969000 	C:\Windows\SYSTEM32\USERENV.dll
0x00007ffc5b710000 - 0x00007ffc5b751000 	C:\Windows\SYSTEM32\icm32.dll
0x00007ffc79bd0000 - 0x00007ffc79c25000 	C:\Windows\SYSTEM32\WINSTA.dll
0x00007ffc7bbc0000 - 0x00007ffc7bc5e000 	C:\Windows\System32\clbcatq.dll
0x00007ffc745a0000 - 0x00007ffc7460f000 	C:\Windows\System32\MMDevApi.dll
0x00007ffc788a0000 - 0x00007ffc78a51000 	C:\Windows\System32\PROPSYS.dll
0x00007ffc6af60000 - 0x00007ffc6afef000 	C:\Windows\SYSTEM32\dsound.dll
0x00007ffc6c270000 - 0x00007ffc6c392000 	C:\Windows\SYSTEM32\AUDIOSES.DLL
0x00007ffc76800000 - 0x00007ffc7680a000 	C:\Windows\SYSTEM32\AVRT.dll
0x00000000618e0000 - 0x0000000061911000 	C:\Program Files\Java\jre1.8.0_162\bin\jpeg.dll
0x00007ffc794f0000 - 0x00007ffc796b8000 	C:\Windows\SYSTEM32\dbghelp.dll

VM Arguments:
java_command: mygame.jar
java_class_path (initial): mygame.jar
Launcher Type: SUN_STANDARD

Environment Variables:
PATH=C:\Program Files (x86)\Common Files\Intel\Shared Libraries\redist\ia32\mpirt;C:\Program Files (x86)\Common Files\Intel\Shared Libraries\redist\ia32\compiler;C:\ProgramData\Oracle\Java\javapath;C:\Program Files (x86)\Intel\iCLS Client\;C:\Program Files\Intel\iCLS Client\;C:\Windows\system32;C:\Windows;C:\Windows\System32\Wbem;C:\Windows\System32\WindowsPowerShell\v1.0\;C:\Program Files (x86)\NVIDIA Corporation\PhysX\Common;C:\Program Files (x86)\Intel\Intel(R) Management Engine Components\DAL;C:\Program Files\Intel\Intel(R) Management Engine Components\DAL;C:\Program Files (x86)\Intel\Intel(R) Management Engine Components\IPT;C:\Program Files\Intel\Intel(R) Management Engine Components\IPT;C:\Program Files\Intel\WiFi\bin\;C:\Program Files\Common Files\Intel\WirelessCommon\;C:\Windows\system32;C:\Windows;C:\Windows\System32\Wbem;C:\Windows\System32\WindowsPowerShell\v1.0\;C:\Users\jeffr\AppData\Local\Programs\Python\Python36-32\Scripts\;C:\Users\jeffr\AppData\Local\Programs\Python\Python36-32\;C:\Users\jeffr\AppData\Local\Microsoft\WindowsApps;
USERNAME=jeffr
OS=Windows_NT
PROCESSOR_IDENTIFIER=Intel64 Family 6 Model 94 Stepping 3, GenuineIntel



---------------  S Y S T E M  ---------------

OS: Windows 10.0 , 64 bit Build 16299 (10.0.16299.15)

CPU:total 8 (initial active 8) (4 cores per cpu, 2 threads per core) family 6 model 94 stepping 3, cmov, cx8, fxsr, mmx, sse, sse2, sse3, ssse3, sse4.1, sse4.2, popcnt, avx, avx2, aes, clmul, erms, rtm, 3dnowpref, lzcnt, ht, tsc, tscinvbit, bmi1, bmi2, adx

Memory: 4k page, physical 16711464k(12501784k free), swap 19201832k(13726412k free)

vm_info: Java HotSpot(TM) 64-Bit Server VM (25.162-b12) for windows-amd64 JRE (1.8.0_162-b12), built on Dec 19 2017 20:00:03 by "java_re" with MS VC++ 10.0 (VS2010)

time: Mon Apr 23 10:43:21 2018
elapsed time: 7 seconds (0d 0h 0m 7s)

